<?xml version="1.0" encoding="UTF-8"?>
<!-- Generated by org.testng.reporters.JUnitReportReporter -->
<testsuite hostname="WACDTL01PB184F" failures="0" tests="3" name="com.automationpractice.qa.testcases.LoginPageTest" time="7.080" errors="0" timestamp="2021-12-04T19:23:46 PST" skipped="2">
  <testcase classname="com.automationpractice.qa.testcases.LoginPageTest" name="loginTest" time="7.080"/>
  <system-out/>
  <testcase classname="com.automationpractice.qa.testcases.LoginPageTest" name="automationPracticeLogoImageTest">
    <skipped/>
  </testcase> <!-- automationPracticeLogoImageTest -->
  <system-out/>
  <testcase classname="com.automationpractice.qa.testcases.LoginPageTest" name="loginPageTitleTest">
    <skipped/>
  </testcase> <!-- loginPageTitleTest -->
  <system-out/>
</testsuite> <!-- com.automationpractice.qa.testcases.LoginPageTest -->
