<?xml version="1.0" encoding="UTF-8"?>
<!-- Generated by org.testng.reporters.JUnitReportReporter -->
<testsuite hostname="WACDTL01PB184F" failures="0" tests="1" name="com.datadriven.test.DataDrivenTest" time="0.000" errors="0" timestamp="2021-12-06T09:04:23 PST" skipped="1">
  <testcase classname="com.datadriven.test.DataDrivenTest" name="EbayRegTest" time="0.000">
    <skipped/>
  </testcase> <!-- EbayRegTest -->
  <system-out/>
</testsuite> <!-- com.datadriven.test.DataDrivenTest -->
